SF:lib/mckimquyen/widget/wifi_stressor/wifi_stressor_screen.dart
DA:46,1
DA:48,2
DA:49,1
DA:50,1
DA:51,1
DA:54,0
DA:55,0
DA:56,0
DA:57,0
DA:59,0
DA:71,0
DA:72,0
DA:73,0
DA:74,0
DA:75,0
DA:86,0
DA:87,0
DA:88,0
DA:89,0
DA:90,0
DA:92,0
DA:107,0
DA:111,0
DA:112,0
DA:113,0
DA:114,0
DA:115,0
DA:116,0
DA:117,0
DA:118,0
DA:119,0
DA:121,0
DA:122,0
DA:123,0
DA:124,0
DA:128,0
DA:129,0
DA:130,0
DA:134,0
DA:135,0
DA:136,0
DA:137,0
DA:138,0
DA:139,0
DA:142,1
DA:143,5
DA:144,1
DA:145,0
DA:147,2
DA:150,0
DA:151,0
DA:153,0
DA:154,0
DA:156,0
DA:157,0
DA:158,0
DA:163,0
DA:165,0
DA:168,0
DA:169,0
DA:171,0
DA:174,0
DA:177,0
DA:178,0
DA:179,0
DA:180,0
DA:183,0
DA:184,0
DA:185,0
DA:187,0
DA:190,0
DA:192,0
DA:194,0
DA:198,0
DA:207,0
DA:208,0
DA:209,0
DA:213,0
DA:215,0
DA:217,0
DA:218,0
DA:219,0
DA:220,0
DA:221,0
DA:222,0
DA:224,0
DA:225,0
DA:228,0
DA:229,0
DA:230,0
DA:231,0
DA:233,0
DA:235,0
DA:238,0
DA:239,0
DA:241,0
DA:242,0
DA:243,0
DA:244,0
DA:245,0
DA:246,0
DA:251,0
DA:254,0
DA:255,0
DA:263,2
DA:265,0
DA:275,2
DA:277,0
DA:278,0
DA:287,0
DA:289,0
DA:291,0
DA:292,0
DA:297,0
DA:300,0
DA:301,0
DA:305,0
DA:307,0
DA:311,0
DA:315,0
DA:318,0
DA:320,0
DA:321,0
DA:323,0
DA:325,0
DA:327,0
DA:333,0
DA:334,0
DA:342,0
DA:347,0
DA:348,0
DA:349,0
DA:356,0
DA:357,0
DA:360,0
DA:361,0
DA:362,0
DA:363,0
DA:364,0
DA:365,0
DA:366,0
DA:367,0
DA:376,0
DA:377,0
DA:389,0
DA:390,0
DA:392,0
DA:399,0
DA:400,0
DA:401,0
DA:419,0
DA:420,0
DA:421,0
DA:437,0
DA:438,0
DA:439,0
DA:443,0
DA:445,0
DA:447,0
DA:449,0
DA:452,0
DA:455,0
DA:458,0
DA:459,0
DA:461,0
DA:468,0
DA:469,0
DA:471,0
DA:472,0
DA:475,0
DA:485,0
DA:486,0
DA:488,0
DA:489,0
DA:500,0
DA:501,0
DA:503,0
DA:504,0
DA:506,0
DA:508,0
DA:509,0
DA:511,0
DA:514,0
DA:522,0
DA:523,0
DA:525,0
DA:534,0
DA:535,0
DA:537,0
DA:539,0
DA:540,0
DA:548,0
DA:551,0
DA:553,0
DA:562,0
DA:563,0
DA:564,0
DA:567,0
DA:569,0
DA:572,0
DA:574,0
DA:576,0
DA:577,0
DA:578,0
DA:580,0
DA:583,0
DA:589,0
DA:590,0
DA:591,0
DA:610,0
DA:615,0
DA:617,0
DA:618,0
DA:619,0
DA:623,0
DA:624,0
DA:632,0
DA:633,0
DA:634,0
DA:635,0
DA:638,0
DA:642,0
DA:643,0
DA:647,0
DA:649,0
DA:651,0
DA:670,0
DA:671,0
DA:673,0
DA:674,0
DA:682,0
DA:698,0
DA:700,0
DA:701,0
DA:702,0
DA:703,0
DA:706,0
DA:709,0
DA:712,0
DA:713,0
DA:715,0
DA:717,0
DA:718,0
DA:720,0
DA:722,0
DA:731,0
DA:732,0
DA:742,0
DA:744,0
DA:746,0
DA:747,0
DA:751,0
DA:753,0
DA:754,0
DA:755,0
DA:756,0
DA:757,0
DA:758,0
DA:762,0
DA:764,0
DA:765,0
LF:261
LH:11
end_of_record
SF:lib/main.dart
DA:36,0
DA:38,0
DA:39,0
DA:40,0
DA:41,0
DA:42,0
DA:43,0
DA:44,0
DA:46,0
DA:47,0
DA:48,0
DA:49,0
DA:62,0
DA:63,0
DA:65,0
DA:66,0
DA:72,0
DA:73,0
DA:75,0
DA:79,0
DA:104,0
DA:105,0
DA:109,2
DA:111,0
DA:112,0
DA:118,0
DA:120,0
DA:123,0
DA:125,0
DA:127,0
LF:30
LH:1
end_of_record
SF:lib/mckimquyen/admob/ad_mob_manager.dart
DA:35,1
DA:36,1
DA:40,0
DA:41,0
DA:47,3
DA:49,2
DA:51,1
DA:53,1
DA:61,1
DA:69,1
DA:77,1
DA:92,1
DA:93,1
DA:94,2
DA:95,1
DA:96,1
DA:98,0
DA:102,1
DA:103,0
DA:107,0
DA:108,0
DA:109,0
DA:112,0
DA:114,0
DA:120,0
DA:122,0
DA:123,0
DA:126,0
DA:127,0
DA:129,0
DA:130,0
DA:131,0
DA:132,0
DA:133,0
DA:134,0
DA:135,0
DA:136,0
DA:137,0
DA:138,0
DA:141,0
DA:143,0
DA:144,0
DA:145,0
DA:146,0
DA:149,0
DA:152,0
DA:154,0
DA:155,0
DA:156,0
DA:158,0
DA:159,0
DA:165,0
DA:168,0
DA:169,0
DA:170,0
DA:174,1
DA:175,1
DA:176,2
DA:179,0
DA:185,1
DA:186,2
DA:189,1
DA:190,2
DA:193,0
DA:194,0
DA:195,0
DA:199,0
DA:200,0
DA:201,0
DA:208,0
DA:212,0
DA:214,0
DA:217,0
DA:218,0
DA:222,0
DA:225,1
DA:226,1
DA:228,0
DA:231,0
DA:233,0
DA:234,0
DA:236,0
DA:237,0
DA:238,0
DA:239,0
DA:241,0
DA:242,0
DA:243,0
DA:247,0
DA:250,0
DA:251,0
DA:252,0
DA:253,0
DA:255,0
DA:256,0
DA:261,0
DA:262,0
DA:264,0
DA:267,0
DA:269,0
DA:270,0
DA:272,0
DA:273,0
DA:274,0
DA:275,0
DA:277,0
DA:278,0
DA:279,0
DA:283,0
DA:286,0
DA:287,0
DA:288,0
DA:289,0
DA:291,0
DA:292,0
DA:299,1
DA:300,1
DA:304,0
DA:308,1
DA:309,2
DA:312,1
DA:314,2
DA:315,1
DA:316,3
LF:124
LH:32
end_of_record
SF:lib/mckimquyen/core/base_stateful_state.dart
DA:9,0
DA:11,0
DA:20,0
DA:23,0
DA:32,0
DA:33,0
DA:34,0
DA:35,0
DA:36,0
DA:37,0
DA:38,0
DA:39,0
DA:40,0
DA:48,0
DA:50,0
DA:52,0
DA:54,0
DA:55,0
DA:68,0
DA:70,0
DA:71,0
DA:72,0
DA:73,0
DA:74,0
DA:75,0
DA:76,0
DA:94,0
DA:95,0
DA:96,0
DA:98,0
DA:103,0
DA:104,0
DA:122,0
DA:123,0
DA:124,0
DA:126,0
DA:131,0
DA:132,0
DA:135,0
DA:136,0
DA:137,0
DA:138,0
DA:139,0
DA:157,0
DA:158,0
DA:159,0
DA:161,0
DA:176,0
DA:177,0
DA:178,0
DA:189,0
DA:198,0
DA:201,0
DA:202,0
DA:203,0
DA:204,0
DA:205,0
DA:206,0
DA:214,0
DA:216,0
DA:218,0
DA:220,0
DA:221,0
DA:232,0
DA:243,0
DA:245,0
DA:246,0
DA:247,0
DA:248,0
DA:249,0
DA:250,0
DA:251,0
DA:269,0
DA:270,0
DA:271,0
DA:273,0
DA:278,0
DA:279,0
DA:297,0
DA:298,0
DA:299,0
DA:301,0
DA:306,0
DA:307,0
DA:310,0
DA:311,0
DA:312,0
DA:313,0
DA:314,0
DA:332,0
DA:333,0
DA:334,0
DA:336,0
DA:350,0
DA:351,0
DA:352,0
LF:96
LH:0
end_of_record
SF:lib/mckimquyen/util/ui_utils.dart
DA:19,0
DA:27,0
DA:29,0
DA:31,0
DA:33,0
DA:34,0
DA:35,0
DA:44,0
DA:45,0
DA:55,0
DA:56,0
DA:72,0
DA:74,0
DA:75,0
DA:76,0
DA:85,0
DA:94,0
DA:95,0
DA:102,0
DA:109,0
DA:110,0
DA:113,0
DA:114,0
DA:116,0
DA:118,0
DA:119,0
DA:120,0
DA:121,0
DA:127,0
DA:128,0
DA:129,0
DA:130,0
DA:133,0
DA:135,0
DA:144,0
DA:145,0
DA:155,0
DA:160,0
DA:167,0
DA:171,0
DA:173,0
DA:178,0
DA:179,0
DA:182,0
DA:186,0
DA:187,0
DA:189,0
DA:193,0
DA:200,0
DA:209,0
DA:219,0
DA:220,0
DA:221,0
DA:225,0
DA:226,0
DA:227,0
DA:228,0
DA:232,0
DA:241,0
DA:243,0
DA:244,0
DA:252,0
DA:253,0
DA:255,0
DA:257,0
DA:258,0
DA:259,0
DA:261,0
DA:270,0
DA:271,0
DA:279,0
DA:280,0
DA:281,0
DA:289,0
DA:296,0
DA:307,0
DA:308,0
DA:316,0
DA:317,0
DA:614,0
DA:615,0
DA:618,0
DA:619,0
DA:623,0
DA:626,0
DA:627,0
DA:629,0
DA:631,0
DA:633,0
DA:634,0
DA:635,0
DA:646,0
DA:649,0
DA:650,0
DA:659,0
DA:660,0
DA:663,0
DA:678,0
DA:680,0
DA:684,0
DA:685,0
DA:687,0
DA:689,0
DA:690,0
DA:691,0
DA:699,0
DA:700,0
DA:701,0
DA:702,0
DA:703,0
DA:709,0
DA:717,0
DA:718,0
DA:722,0
DA:729,0
DA:730,0
DA:734,0
DA:745,0
DA:748,0
DA:750,0
DA:751,0
DA:752,0
DA:753,0
DA:761,0
DA:763,0
DA:765,0
DA:767,0
DA:768,0
DA:770,0
DA:773,0
DA:776,0
DA:780,0
DA:781,0
DA:787,0
DA:790,0
DA:791,0
DA:792,0
DA:803,0
DA:804,0
DA:805,0
DA:806,0
DA:807,0
DA:809,0
DA:810,0
DA:827,0
DA:828,0
DA:829,0
DA:831,0
DA:833,0
DA:834,0
DA:842,0
DA:843,0
DA:845,0
DA:846,0
DA:863,0
DA:864,0
DA:865,0
DA:867,0
DA:869,0
DA:870,0
DA:885,0
DA:886,0
DA:887,0
DA:895,0
DA:897,0
DA:901,0
DA:910,0
DA:911,0
DA:912,0
DA:922,0
DA:932,0
DA:953,0
DA:954,0
DA:955,0
DA:956,0
DA:957,0
DA:959,0
DA:960,0
DA:971,0
DA:975,0
DA:986,0
DA:987,0
DA:988,0
LF:183
LH:0
end_of_record
SF:lib/mckimquyen/common/const/color_constants.dart
DA:5,0
DA:6,0
DA:7,0
DA:8,0
DA:9,0
DA:10,0
LF:6
LH:0
end_of_record
SF:lib/mckimquyen/widget/splash/splash_screen.dart
DA:20,2
DA:24,0
DA:25,0
DA:34,0
DA:36,0
DA:37,0
DA:38,0
DA:39,0
DA:42,0
DA:44,0
DA:45,0
DA:46,0
DA:47,0
DA:49,0
DA:51,0
DA:57,0
DA:59,0
DA:60,0
DA:63,0
DA:65,0
DA:66,0
DA:67,0
DA:68,0
DA:74,0
DA:77,0
DA:78,0
DA:80,0
DA:81,0
DA:82,0
DA:83,0
DA:104,0
DA:105,0
DA:108,0
DA:213,0
DA:232,0
DA:233,0
DA:234,0
DA:235,0
DA:237,0
DA:251,0
DA:252,0
LF:41
LH:1
end_of_record
SF:lib/mckimquyen/admob/event_bus.dart
DA:6,1
DA:10,3
DA:12,2
DA:16,1
DA:18,3
DA:20,1
DA:21,2
DA:24,0
DA:25,0
LF:9
LH:7
end_of_record
SF:lib/mckimquyen/admob/ad_screen.dart
DA:10,8
DA:19,0
DA:21,0
DA:24,0
DA:25,0
DA:26,0
DA:27,0
DA:29,0
DA:32,0
DA:34,0
DA:37,0
DA:38,0
DA:39,0
DA:42,0
DA:43,0
DA:44,0
DA:46,0
DA:49,0
DA:50,0
DA:52,0
DA:53,0
DA:55,0
DA:56,0
DA:58,0
DA:59,0
DA:63,0
DA:64,0
DA:68,0
DA:72,0
DA:73,0
DA:74,0
DA:78,0
DA:79,0
DA:81,0
DA:82,0
DA:86,0
DA:89,0
DA:90,0
DA:92,0
DA:93,0
DA:95,0
DA:96,0
DA:100,0
DA:103,0
DA:107,0
DA:108,0
DA:109,0
DA:111,0
DA:113,0
DA:114,0
DA:115,0
DA:116,0
DA:126,0
DA:129,0
DA:130,0
DA:131,0
DA:139,0
DA:140,0
DA:143,0
DA:146,0
DA:147,0
DA:149,0
DA:152,0
DA:153,0
DA:154,0
DA:156,0
DA:157,0
DA:158,0
DA:160,0
DA:162,0
DA:163,0
DA:164,0
DA:167,0
DA:168,0
DA:172,0
DA:176,0
DA:177,0
DA:178,0
DA:180,0
DA:182,0
DA:183,0
DA:184,0
DA:185,0
DA:187,0
DA:188,0
DA:189,0
DA:193,0
LF:87
LH:1
end_of_record
SF:lib/mckimquyen/admob/label_ad.dart
DA:5,0
DA:20,0
LF:2
LH:0
end_of_record
SF:lib/mckimquyen/admob/screen_a.dart
DA:7,2
DA:9,0
DA:10,0
DA:16,0
DA:18,0
DA:19,0
DA:20,0
DA:24,0
DA:25,0
DA:26,0
DA:27,0
DA:29,0
DA:32,0
DA:34,0
DA:37,0
DA:39,0
DA:40,0
DA:42,0
DA:43,0
DA:45,0
DA:49,0
DA:50,0
DA:51,0
DA:52,0
DA:53,0
DA:56,0
DA:57,0
DA:58,0
DA:60,0
DA:66,0
DA:73,0
DA:74,0
DA:75,0
DA:76,0
DA:77,0
DA:78,0
DA:79,0
DA:80,0
DA:86,0
DA:87,0
DA:88,0
LF:41
LH:1
end_of_record
SF:lib/mckimquyen/admob/screen_b.dart
DA:7,2
DA:9,0
DA:10,0
DA:14,0
DA:16,0
DA:17,0
DA:18,0
DA:22,0
DA:23,0
DA:24,0
DA:25,0
DA:27,0
DA:30,0
DA:32,0
DA:33,0
DA:35,0
DA:37,0
DA:40,0
DA:41,0
DA:42,0
DA:43,0
DA:46,0
DA:47,0
DA:48,0
DA:49,0
DA:50,0
DA:51,0
DA:52,0
DA:58,0
DA:59,0
DA:66,0
LF:31
LH:1
end_of_record
SF:lib/mckimquyen/admob/screen_c.dart
DA:6,2
DA:8,0
DA:9,0
DA:13,0
DA:15,0
DA:16,0
DA:18,0
DA:20,0
DA:23,0
DA:24,0
LF:10
LH:1
end_of_record
SF:lib/mckimquyen/core/base_controller.dart
DA:6,0
LF:1
LH:0
end_of_record
SF:lib/mckimquyen/util/duration_util.dart
DA:11,0
DA:12,0
DA:13,0
DA:14,0
DA:15,0
DA:16,0
DA:17,0
DA:18,0
DA:19,0
DA:21,0
DA:22,0
DA:23,0
DA:24,0
DA:25,0
DA:27,0
DA:30,0
DA:31,0
DA:32,0
DA:33,0
DA:35,0
DA:38,0
DA:39,0
DA:40,0
DA:41,0
DA:43,0
DA:46,0
DA:47,0
DA:49,0
DA:52,0
DA:56,0
DA:60,0
DA:61,0
DA:65,0
DA:66,0
DA:73,0
DA:78,0
DA:82,0
DA:83,0
DA:84,0
DA:85,0
DA:93,0
DA:98,0
DA:101,0
DA:102,0
DA:103,0
DA:106,0
DA:112,0
DA:116,0
DA:119,0
DA:120,0
DA:123,0
DA:124,0
DA:125,0
DA:126,0
DA:128,0
DA:132,0
DA:133,0
DA:134,0
DA:138,0
DA:139,0
DA:140,0
DA:141,0
DA:144,0
DA:146,0
DA:147,0
LF:65
LH:0
end_of_record
SF:lib/mckimquyen/widget/main/main_screen.dart
DA:13,2
DA:22,0
DA:23,0
DA:29,0
DA:31,0
DA:32,0
DA:35,0
DA:39,0
DA:41,0
DA:44,0
DA:46,0
DA:47,0
DA:58,0
DA:62,0
DA:63,0
DA:66,0
DA:67,0
DA:70,0
DA:71,0
DA:74,0
DA:77,0
DA:78,0
LF:22
LH:1
end_of_record
